<?xml version="1.0" encoding="UTF-8"?>
<!-- Generated by org.testng.reporters.JUnitReportReporter -->
<testsuite hostname="samsung-PC" failures="0" tests="1" name="dockerPracticeExamples.rough" time="8.132" errors="0" timestamp="2021-06-07T12:29:08 IST" skipped="0">
  <testcase classname="dockerPracticeExamples.rough" name="getstart" time="8.132"/>
  <system-out/>
</testsuite> <!-- dockerPracticeExamples.rough -->
